<?xml version="1.0" encoding="UTF-8"?>
<testng-results ignored="0" total="1" passed="1" failed="0" skipped="0">
  <reporter-output>
  </reporter-output>
  <suite started-at="2022-01-01T00:06:19 GMT-06:00" name="Default suite" finished-at="2022-01-01T00:06:30 GMT-06:00" duration-ms="10916">
    <groups>
    </groups>
    <test started-at="2022-01-01T00:06:19 GMT-06:00" name="Default test" finished-at="2022-01-01T00:06:30 GMT-06:00" duration-ms="10916">
      <class name="com.condos.testcases.testcases">
        <test-method is-config="true" signature="initialSetUp()[pri:0, instance:com.condos.testcases.testcases@5d0a1059]" started-at="2022-01-01T00:06:19 GMT-06:00" name="initialSetUp" finished-at="2022-01-01T00:06:30 GMT-06:00" duration-ms="10768" status="PASS">
          <reporter-output>
          </reporter-output>
        </test-method> <!-- initialSetUp -->
        <test-method signature="printingPrice()[pri:0, instance:com.condos.testcases.testcases@5d0a1059]" started-at="2022-01-01T00:06:30 GMT-06:00" name="printingPrice" description="Printing of price in sorted order " finished-at="2022-01-01T00:06:30 GMT-06:00" duration-ms="91" status="PASS">
          <reporter-output>
          </reporter-output>
        </test-method> <!-- printingPrice -->
      </class> <!-- com.condos.testcases.testcases -->
    </test> <!-- Default test -->
  </suite> <!-- Default suite -->
</testng-results>
