<?xml version="1.0" encoding="UTF-8"?>
<testng-results ignored="0" total="1" passed="1" failed="0" skipped="0">
  <reporter-output>
  </reporter-output>
  <suite started-at="2022-01-02T15:56:56 GMT-06:00" name="Default suite" finished-at="2022-01-02T15:57:24 GMT-06:00" duration-ms="27355">
    <groups>
    </groups>
    <test started-at="2022-01-02T15:56:56 GMT-06:00" name="Default test" finished-at="2022-01-02T15:57:24 GMT-06:00" duration-ms="27355">
      <class name="com.condos.testcases.testcases">
        <test-method is-config="true" signature="initialSetUp()[pri:0, instance:com.condos.testcases.testcases@4803b726]" started-at="2022-01-02T15:56:56 GMT-06:00" name="initialSetUp" finished-at="2022-01-02T15:57:06 GMT-06:00" duration-ms="10110" status="PASS">
          <reporter-output>
          </reporter-output>
        </test-method> <!-- initialSetUp -->
        <test-method signature="printingPriceAndFetchingPropertyDetail()[pri:0, instance:com.condos.testcases.testcases@4803b726]" started-at="2022-01-02T15:57:06 GMT-06:00" name="printingPriceAndFetchingPropertyDetail" description="Printing of price in sorted order and getting 5th property details in json " finished-at="2022-01-02T15:57:24 GMT-06:00" duration-ms="17134" status="PASS">
          <reporter-output>
          </reporter-output>
        </test-method> <!-- printingPriceAndFetchingPropertyDetail -->
      </class> <!-- com.condos.testcases.testcases -->
    </test> <!-- Default test -->
  </suite> <!-- Default suite -->
</testng-results>
